  [1m[35m (493.4ms)[0m  [1m[35mCREATE DATABASE "goal_app_development" ENCODING = 'unicode'[0m
  ↳ bin/rails:9
  [1m[35m (296.7ms)[0m  [1m[35mCREATE DATABASE "goal_app_test" ENCODING = 'unicode'[0m
  ↳ bin/rails:9
  [1m[35m (110.8ms)[0m  [1m[35mCREATE TABLE "schema_migrations" ("version" character varying NOT NULL PRIMARY KEY)[0m
  ↳ bin/rails:9
  [1m[35m (4.9ms)[0m  [1m[35mCREATE TABLE "ar_internal_metadata" ("key" character varying NOT NULL PRIMARY KEY, "value" character varying, "created_at" timestamp NOT NULL, "updated_at" timestamp NOT NULL)[0m
  ↳ bin/rails:9
  [1m[35m (14.7ms)[0m  [1m[34mSELECT pg_try_advisory_lock(540613454722062960)[0m
  ↳ bin/rails:9
  [1m[35m (1.6ms)[0m  [1m[34mSELECT "schema_migrations"."version" FROM "schema_migrations" ORDER BY "schema_migrations"."version" ASC[0m
  ↳ bin/rails:9
Migrating to CreateUsers (20181116195531)
  [1m[35m (0.2ms)[0m  [1m[35mBEGIN[0m
  ↳ bin/rails:9
  [1m[35m (32.5ms)[0m  [1m[35mCREATE TABLE "users" ("id" bigserial primary key, "username" character varying NOT NULL, "session_token" character varying NOT NULL, "password_digest" character varying NOT NULL, "created_at" timestamp NOT NULL, "updated_at" timestamp NOT NULL)[0m
  ↳ db/migrate/20181116195531_create_users.rb:3
  [1m[35m (1.9ms)[0m  [1m[35mCREATE UNIQUE INDEX  "index_users_on_session_token" ON "users"  ("session_token")[0m
  ↳ db/migrate/20181116195531_create_users.rb:9
  [1m[35m (3.1ms)[0m  [1m[35mCREATE UNIQUE INDEX  "index_users_on_username" ON "users"  ("username")[0m
  ↳ db/migrate/20181116195531_create_users.rb:10
  [1m[36mActiveRecord::SchemaMigration Create (0.9ms)[0m  [1m[32mINSERT INTO "schema_migrations" ("version") VALUES ($1) RETURNING "version"[0m  [["version", "20181116195531"]]
  ↳ bin/rails:9
  [1m[35m (1.2ms)[0m  [1m[35mCOMMIT[0m
  ↳ bin/rails:9
  [1m[36mActiveRecord::InternalMetadata Load (17.3ms)[0m  [1m[34mSELECT  "ar_internal_metadata".* FROM "ar_internal_metadata" WHERE "ar_internal_metadata"."key" = $1 LIMIT $2[0m  [["key", "environment"], ["LIMIT", 1]]
  ↳ bin/rails:9
  [1m[35m (0.2ms)[0m  [1m[35mBEGIN[0m
  ↳ bin/rails:9
  [1m[36mActiveRecord::InternalMetadata Create (0.9ms)[0m  [1m[32mINSERT INTO "ar_internal_metadata" ("key", "value", "created_at", "updated_at") VALUES ($1, $2, $3, $4) RETURNING "key"[0m  [["key", "environment"], ["value", "development"], ["created_at", "2018-11-16 19:58:58.398581"], ["updated_at", "2018-11-16 19:58:58.398581"]]
  ↳ bin/rails:9
  [1m[35m (0.6ms)[0m  [1m[35mCOMMIT[0m
  ↳ bin/rails:9
  [1m[35m (0.3ms)[0m  [1m[34mSELECT pg_advisory_unlock(540613454722062960)[0m
  ↳ bin/rails:9
  [1m[35m (0.5ms)[0m  [1m[34mSELECT "schema_migrations"."version" FROM "schema_migrations" ORDER BY "schema_migrations"."version" ASC[0m
  ↳ bin/rails:9
  [1m[36mUser Load (19.2ms)[0m  [1m[34mSELECT "users".* FROM "users"[0m
  [1m[35m (0.3ms)[0m  [1m[35mBEGIN[0m
  [1m[36mUser Exists (1.0ms)[0m  [1m[34mSELECT  1 AS one FROM "users" WHERE "users"."username" = $1 LIMIT $2[0m  [["username", "u1"], ["LIMIT", 1]]
  [1m[36mUser Exists (0.4ms)[0m  [1m[34mSELECT  1 AS one FROM "users" WHERE "users"."session_token" = $1 LIMIT $2[0m  [["session_token", "vUHtujGETJYVf9TN6Yr5Jg"], ["LIMIT", 1]]
  [1m[35m (0.3ms)[0m  [1m[31mROLLBACK[0m
  [1m[35m (0.2ms)[0m  [1m[35mBEGIN[0m
  [1m[36mUser Exists (0.4ms)[0m  [1m[34mSELECT  1 AS one FROM "users" WHERE "users"."username" = $1 LIMIT $2[0m  [["username", "u1"], ["LIMIT", 1]]
  [1m[36mUser Exists (0.4ms)[0m  [1m[34mSELECT  1 AS one FROM "users" WHERE "users"."session_token" = $1 LIMIT $2[0m  [["session_token", "1Mw-1qCfRg3LGlpdaic4xw"], ["LIMIT", 1]]
  [1m[36mUser Create (0.9ms)[0m  [1m[32mINSERT INTO "users" ("username", "session_token", "password_digest", "created_at", "updated_at") VALUES ($1, $2, $3, $4, $5) RETURNING "id"[0m  [["username", "u1"], ["session_token", "1Mw-1qCfRg3LGlpdaic4xw"], ["password_digest", "$2a$10$jiMhqh3sCjEp.FAHE.o9lO/5pHoyIxdMDVnExKqIqoOp.Iy3Rd8HC"], ["created_at", "2018-11-16 22:18:18.427519"], ["updated_at", "2018-11-16 22:18:18.427519"]]
  [1m[35m (0.7ms)[0m  [1m[35mCOMMIT[0m
  [1m[35m (0.2ms)[0m  [1m[35mBEGIN[0m
  [1m[36mUser Exists (0.5ms)[0m  [1m[34mSELECT  1 AS one FROM "users" WHERE "users"."username" = $1 LIMIT $2[0m  [["username", "user1"], ["LIMIT", 1]]
  [1m[36mUser Exists (0.4ms)[0m  [1m[34mSELECT  1 AS one FROM "users" WHERE "users"."session_token" = $1 LIMIT $2[0m  [["session_token", "4Bk4RIU3GUjX0s-iQx-E4A"], ["LIMIT", 1]]
  [1m[36mUser Create (0.5ms)[0m  [1m[32mINSERT INTO "users" ("username", "session_token", "password_digest", "created_at", "updated_at") VALUES ($1, $2, $3, $4, $5) RETURNING "id"[0m  [["username", "user1"], ["session_token", "4Bk4RIU3GUjX0s-iQx-E4A"], ["password_digest", "$2a$10$DysKQXILiyLf.zb0A1rkG.pg.SuXRgtZF3zRs/v76ClMsyGI4D6hi"], ["created_at", "2018-11-16 22:19:28.979385"], ["updated_at", "2018-11-16 22:19:28.979385"]]
  [1m[35m (0.5ms)[0m  [1m[35mCOMMIT[0m
Started GET "/users/new" for 127.0.0.1 at 2018-11-16 14:39:17 -0800
  [1m[35m (12.7ms)[0m  [1m[34mSELECT "schema_migrations"."version" FROM "schema_migrations" ORDER BY "schema_migrations"."version" ASC[0m
  ↳ /usr/local/var/rbenv/versions/2.5.0/lib/ruby/gems/2.5.0/gems/activerecord-5.2.1/lib/active_record/log_subscriber.rb:98
Processing by UsersController#new as HTML
  Rendering users/new.html.erb within layouts/application
  Rendered users/new.html.erb within layouts/application (2.3ms)
Completed 200 OK in 589ms (Views: 513.5ms | ActiveRecord: 0.0ms)


Started POST "/users" for 127.0.0.1 at 2018-11-16 14:40:27 -0800
Processing by UsersController#create as HTML
  Parameters: {"authenticity_token"=>"Ir/UK4NuvuT2UYcep28HO52ACnyepXZAu6agWxeqRyXqmP7aR17LCgIHkaQ414tCQILRkeI9zWJPLeitoEBHAQ==", "user"=>{"username"=>"", "password"=>"[FILTERED]"}}
No template found for UsersController#create, rendering head :no_content
Completed 204 No Content in 262ms (ActiveRecord: 0.0ms)


Started POST "/users" for 127.0.0.1 at 2018-11-16 14:52:13 -0800
Processing by UsersController#create as HTML
  Parameters: {"authenticity_token"=>"Ir/UK4NuvuT2UYcep28HO52ACnyepXZAu6agWxeqRyXqmP7aR17LCgIHkaQ414tCQILRkeI9zWJPLeitoEBHAQ==", "user"=>{"username"=>"user1", "password"=>"[FILTERED]"}}
  [1m[35m (0.2ms)[0m  [1m[35mBEGIN[0m
  ↳ app/controllers/users_controller.rb:8
  [1m[36mUser Exists (1.4ms)[0m  [1m[34mSELECT  1 AS one FROM "users" WHERE "users"."username" = $1 LIMIT $2[0m  [["username", "user1"], ["LIMIT", 1]]
  ↳ app/controllers/users_controller.rb:8
  [1m[36mUser Exists (0.5ms)[0m  [1m[34mSELECT  1 AS one FROM "users" WHERE "users"."session_token" = $1 LIMIT $2[0m  [["session_token", "_C7rx-JAxuUoX_giW1J8nw"], ["LIMIT", 1]]
  ↳ app/controllers/users_controller.rb:8
  [1m[35m (0.2ms)[0m  [1m[31mROLLBACK[0m
  ↳ app/controllers/users_controller.rb:8
No template found for UsersController#create, rendering head :no_content
Completed 204 No Content in 281ms (ActiveRecord: 12.9ms)


Started POST "/users" for 127.0.0.1 at 2018-11-16 14:52:18 -0800
Processing by UsersController#create as HTML
  Parameters: {"authenticity_token"=>"Ir/UK4NuvuT2UYcep28HO52ACnyepXZAu6agWxeqRyXqmP7aR17LCgIHkaQ414tCQILRkeI9zWJPLeitoEBHAQ==", "user"=>{"username"=>"user1", "password"=>"[FILTERED]"}}
  [1m[35m (0.3ms)[0m  [1m[35mBEGIN[0m
  ↳ app/controllers/users_controller.rb:8
  [1m[36mUser Exists (0.6ms)[0m  [1m[34mSELECT  1 AS one FROM "users" WHERE "users"."username" = $1 LIMIT $2[0m  [["username", "user1"], ["LIMIT", 1]]
  ↳ app/controllers/users_controller.rb:8
  [1m[36mUser Exists (0.6ms)[0m  [1m[34mSELECT  1 AS one FROM "users" WHERE "users"."session_token" = $1 LIMIT $2[0m  [["session_token", "Ml_OLaDQIKickHwOO06i0w"], ["LIMIT", 1]]
  ↳ app/controllers/users_controller.rb:8
  [1m[35m (0.4ms)[0m  [1m[31mROLLBACK[0m
  ↳ app/controllers/users_controller.rb:8
No template found for UsersController#create, rendering head :no_content
Completed 204 No Content in 203ms (ActiveRecord: 1.9ms)


Started GET "/users/new" for 127.0.0.1 at 2018-11-16 14:53:40 -0800
Processing by UsersController#new as HTML
  Rendering users/new.html.erb within layouts/application
  Rendered users/new.html.erb within layouts/application (4.0ms)
Completed 200 OK in 74ms (Views: 71.5ms | ActiveRecord: 0.0ms)


Started GET "/users/new" for 127.0.0.1 at 2018-11-16 14:53:40 -0800
Processing by UsersController#new as HTML
  Rendering users/new.html.erb within layouts/application
  Rendered users/new.html.erb within layouts/application (0.8ms)
Completed 200 OK in 55ms (Views: 50.0ms | ActiveRecord: 0.0ms)


Started POST "/users" for 127.0.0.1 at 2018-11-16 14:53:50 -0800
Processing by UsersController#create as HTML
  Parameters: {"authenticity_token"=>"N+kn/BWx8TSaKif8plAgBMEh1FpaRorpJVAmI5pwC0T/zg0N0YGE2m58MUY56Kx9HCMPtybeMcvR227VLZoLYA==", "user"=>{"username"=>"user", "password"=>"[FILTERED]"}}
  [1m[35m (0.2ms)[0m  [1m[35mBEGIN[0m
  ↳ app/controllers/users_controller.rb:8
  [1m[36mUser Exists (0.6ms)[0m  [1m[34mSELECT  1 AS one FROM "users" WHERE "users"."username" = $1 LIMIT $2[0m  [["username", "user"], ["LIMIT", 1]]
  ↳ app/controllers/users_controller.rb:8
  [1m[36mUser Exists (0.4ms)[0m  [1m[34mSELECT  1 AS one FROM "users" WHERE "users"."session_token" = $1 LIMIT $2[0m  [["session_token", "mt7bPChVD3COwBBvrds5kg"], ["LIMIT", 1]]
  ↳ app/controllers/users_controller.rb:8
  [1m[36mUser Create (0.7ms)[0m  [1m[32mINSERT INTO "users" ("username", "session_token", "password_digest", "created_at", "updated_at") VALUES ($1, $2, $3, $4, $5) RETURNING "id"[0m  [["username", "user"], ["session_token", "mt7bPChVD3COwBBvrds5kg"], ["password_digest", "$2a$10$/uOFTQ8EnJHofrSudHPNreTyHqmvE7rXnuHtoLZef12R5D9Atts9m"], ["created_at", "2018-11-16 22:53:51.046137"], ["updated_at", "2018-11-16 22:53:51.046137"]]
  ↳ app/controllers/users_controller.rb:8
  [1m[35m (22.3ms)[0m  [1m[35mCOMMIT[0m
  ↳ app/controllers/users_controller.rb:8
Redirected to http://localhost:3000/users/3
Completed 302 Found in 179ms (ActiveRecord: 30.7ms)


Started GET "/users/3" for 127.0.0.1 at 2018-11-16 14:53:51 -0800
Processing by UsersController#show as HTML
  Parameters: {"id"=>"3"}
Completed 500 Internal Server Error in 175ms (ActiveRecord: 0.0ms)


  
NameError (undefined local variable or method `user' for #<UsersController:0x00007f92491ea018>):
  
app/controllers/users_controller.rb:16:in `show'
Started GET "/users/new" for 127.0.0.1 at 2018-11-16 14:54:38 -0800
Processing by UsersController#new as HTML
  Rendering users/new.html.erb within layouts/application
  Rendered users/new.html.erb within layouts/application (0.7ms)
Completed 200 OK in 72ms (Views: 66.8ms | ActiveRecord: 0.0ms)


Started POST "/users" for 127.0.0.1 at 2018-11-16 14:55:03 -0800
Processing by UsersController#create as HTML
  Parameters: {"authenticity_token"=>"E1KYE7L8/8bZ3hQn7SL/+17ty9SsO3bDd0NgWKmA83vbdbLidsyKKC2IAp1ymnOCg+8QOdCjzeGDyCiuHmrzXw==", "user"=>{"username"=>"user0", "password"=>"[FILTERED]"}}
  [1m[35m (0.2ms)[0m  [1m[35mBEGIN[0m
  ↳ app/controllers/users_controller.rb:8
  [1m[36mUser Exists (0.5ms)[0m  [1m[34mSELECT  1 AS one FROM "users" WHERE "users"."username" = $1 LIMIT $2[0m  [["username", "user0"], ["LIMIT", 1]]
  ↳ app/controllers/users_controller.rb:8
  [1m[36mUser Exists (0.4ms)[0m  [1m[34mSELECT  1 AS one FROM "users" WHERE "users"."session_token" = $1 LIMIT $2[0m  [["session_token", "iPPyfo479ku4_2QSpdmh7g"], ["LIMIT", 1]]
  ↳ app/controllers/users_controller.rb:8
  [1m[36mUser Create (0.5ms)[0m  [1m[32mINSERT INTO "users" ("username", "session_token", "password_digest", "created_at", "updated_at") VALUES ($1, $2, $3, $4, $5) RETURNING "id"[0m  [["username", "user0"], ["session_token", "iPPyfo479ku4_2QSpdmh7g"], ["password_digest", "$2a$10$ZqGTu1ASkb6YYfqzb98M9.qcp1Fi0FCEjfJaY7NIIiiWN9Mgqc4uu"], ["created_at", "2018-11-16 22:55:03.977485"], ["updated_at", "2018-11-16 22:55:03.977485"]]
  ↳ app/controllers/users_controller.rb:8
  [1m[35m (0.5ms)[0m  [1m[35mCOMMIT[0m
  ↳ app/controllers/users_controller.rb:8
Redirected to http://localhost:3000/users/4
Completed 302 Found in 149ms (ActiveRecord: 8.2ms)


Started GET "/users/4" for 127.0.0.1 at 2018-11-16 14:55:03 -0800
Processing by UsersController#show as HTML
  Parameters: {"id"=>"4"}
Completed 500 Internal Server Error in 1ms (ActiveRecord: 0.0ms)


  
NoMethodError (undefined method `[]' for nil:NilClass):
  
app/controllers/users_controller.rb:16:in `show'
  [1m[36mUser Load (0.9ms)[0m  [1m[34mSELECT "users".* FROM "users"[0m
Started POST "/users" for 127.0.0.1 at 2018-11-16 14:57:19 -0800
Processing by UsersController#create as HTML
  Parameters: {"authenticity_token"=>"E1KYE7L8/8bZ3hQn7SL/+17ty9SsO3bDd0NgWKmA83vbdbLidsyKKC2IAp1ymnOCg+8QOdCjzeGDyCiuHmrzXw==", "user"=>{"username"=>"user2", "password"=>"[FILTERED]"}}
  [1m[35m (0.2ms)[0m  [1m[35mBEGIN[0m
  ↳ app/controllers/users_controller.rb:8
  [1m[36mUser Exists (0.6ms)[0m  [1m[34mSELECT  1 AS one FROM "users" WHERE "users"."username" = $1 LIMIT $2[0m  [["username", "user2"], ["LIMIT", 1]]
  ↳ app/controllers/users_controller.rb:8
  [1m[36mUser Exists (0.5ms)[0m  [1m[34mSELECT  1 AS one FROM "users" WHERE "users"."session_token" = $1 LIMIT $2[0m  [["session_token", "Vt7Rg_MZTJ5og0ufPYeG6A"], ["LIMIT", 1]]
  ↳ app/controllers/users_controller.rb:8
  [1m[36mUser Create (0.6ms)[0m  [1m[32mINSERT INTO "users" ("username", "session_token", "password_digest", "created_at", "updated_at") VALUES ($1, $2, $3, $4, $5) RETURNING "id"[0m  [["username", "user2"], ["session_token", "Vt7Rg_MZTJ5og0ufPYeG6A"], ["password_digest", "$2a$10$nN3zR6cnoCOPM9vC4KS3q.kWunjjmKELyRhcC7cCku2IwAQ/1rvpG"], ["created_at", "2018-11-16 22:57:19.251143"], ["updated_at", "2018-11-16 22:57:19.251143"]]
  ↳ app/controllers/users_controller.rb:8
  [1m[35m (0.4ms)[0m  [1m[35mCOMMIT[0m
  ↳ app/controllers/users_controller.rb:8
Redirected to http://localhost:3000/users/5
Completed 302 Found in 128ms (ActiveRecord: 7.7ms)


Started GET "/users/5" for 127.0.0.1 at 2018-11-16 14:57:19 -0800
Processing by UsersController#show as HTML
  Parameters: {"id"=>"5"}
  [1m[36mUser Load (0.5ms)[0m  [1m[34mSELECT  "users".* FROM "users" WHERE "users"."id" = $1 LIMIT $2[0m  [["id", 5], ["LIMIT", 1]]
  ↳ app/controllers/users_controller.rb:16
  Rendering users/show.html.erb within layouts/application
  Rendered users/show.html.erb within layouts/application (0.4ms)
Completed 200 OK in 78ms (Views: 73.8ms | ActiveRecord: 0.7ms)


Started GET "/users/new" for 127.0.0.1 at 2018-11-16 16:16:07 -0800
Processing by UsersController#new as HTML
  Rendering users/new.html.erb within layouts/application
  Rendered users/new.html.erb within layouts/application (1.0ms)
Completed 200 OK in 39ms (Views: 36.3ms | ActiveRecord: 0.0ms)


Started GET "/users/new" for 127.0.0.1 at 2018-11-16 16:16:56 -0800
Processing by UsersController#new as HTML
  Rendering users/new.html.erb within layouts/application
  Rendered users/new.html.erb within layouts/application (0.7ms)
Completed 200 OK in 29ms (Views: 27.1ms | ActiveRecord: 0.0ms)


